<testsuite errors="0" failures="0" name="Rally test suite" tests="16" time="1186.41"> <testcase classname="NeutronNetworks" name="create_and_delete_ports" time="80.12"><failure>regression failure</failure></testcase> <testcase classname="NeutronNetworks" name="create_and_delete_routers" time="66.69"/> <testcase classname="Quotas" name="cinder_update_and_delete" time="35.40"/> <testcase classname="CinderVolumes" name="create_and_upload_volume_to_image" time="602.92"/> <testcase classname="Authenticate" name="validate_glance" time="22.29"/> <testcase classname="Authenticate" name="validate_neutron" time="21.39"/> <testcase classname="Authenticate" name="keystone" time="16.26"/> <testcase classname="NeutronNetworks" name="create_and_delete_subnets" time="26.35"/> <testcase classname="Quotas" name="nova_update_and_delete" time="24.65"/> <testcase classname="NeutronNetworks" name="create_and_delete_networks" time="17.92"/> <testcase classname="KeystoneBasic" name="create_delete_user" time="20.56"/> <testcase classname="CinderVolumes" name="create_and_delete_volume" time="146.93"/> <testcase classname="KeystoneBasic" name="create_update_and_delete_tenant" time="21.23"/> <testcase classname="Authenticate" name="validate_nova" time="18.35"/> <testcase classname="CinderVolumes" name="create_and_extend_volume" time="54.10"/> <testcase classname="Authenticate" name="validate_cinder" time="20.63"/> </testsuite>



